<?xml version="1.0" encoding="UTF-8"?>
<!-- Generated by org.testng.reporters.JUnitReportReporter -->
<testsuite skipped="0" hostname="DESKTOP-SNDT4RA" name="com.seleniumcli.TestClass2" tests="2" failures="0" timestamp="2022-06-05T16:28:35 IST" time="0.000" errors="0">
  <testcase name="testMethod2" time="0.000" classname="com.seleniumcli.TestClass2"/>
  <system-out/>
  <testcase name="testMethod1" time="0.000" classname="com.seleniumcli.TestClass2"/>
  <system-out/>
</testsuite> <!-- com.seleniumcli.TestClass2 -->
